<?xml version="1.0" encoding="UTF-8"?>
<!-- Generated by org.testng.reporters.JUnitReportReporter -->
<testsuite skipped="0" hostname="HOME-PC" name="TestCarInsurance" tests="1" failures="0" timestamp="2021-08-29T16:45:53 MSK" time="0.044" errors="0">
  <testcase name="InsurancePositive" time="0.044" classname="TestCarInsurance"/>
  <system-out/>
</testsuite> <!-- TestCarInsurance -->
