<?xml version="1.0" encoding="UTF-8"?>
<!-- Generated by org.testng.reporters.JUnitReportReporter -->
<testsuite skipped="0" hostname="ChristinaZlobina" name="TestCarInsurance" tests="1" failures="0" timestamp="2021-08-23T11:26:10 MSK" time="0.040" errors="0">
  <testcase name="InsurancePositive" time="0.040" classname="TestCarInsurance"/>
  <system-out/>
</testsuite> <!-- TestCarInsurance -->
